


ARM Macro Assembler    Page 1 


    1 00000000         
    2 00000000         
    3 00000000         ; Vector Table Mapped to Address 0 at Reset
    4 00000000         
    5 00000000                 PRESERVE8
    6 00000000                 THUMB
    7 00000000         
    8 00000000                 AREA             RESET, DATA, READONLY ; First 3
                                                            2 WORDS is VECTOR T
                                                            ABLE
    9 00000000                 EXPORT           __Vectors
   10 00000000         
   11 00000000 0000FFFC 
                       __Vectors
                               DCD              0x0000FFFC
   12 00000004 00000000        DCD              Reset_Handler
   13 00000008 00000000        DCD              0
   14 0000000C 00000000        DCD              0
   15 00000010 00000000        DCD              0
   16 00000014 00000000        DCD              0
   17 00000018 00000000        DCD              0
   18 0000001C 00000000        DCD              0
   19 00000020 00000000        DCD              0
   20 00000024 00000000        DCD              0
   21 00000028 00000000        DCD              0
   22 0000002C 00000000        DCD              0
   23 00000030 00000000        DCD              0
   24 00000034 00000000        DCD              0
   25 00000038 00000000        DCD              0
   26 0000003C 00000000        DCD              0
   27 00000040         
   28 00000040         ; External Interrupts
   29 00000040         
   30 00000040 00000000        DCD              0
   31 00000044 00000000        DCD              0
   32 00000048 00000000        DCD              0
   33 0000004C 00000000        DCD              0
   34 00000050 00000000        DCD              0
   35 00000054 00000000        DCD              0
   36 00000058 00000000        DCD              0
   37 0000005C 00000000        DCD              0
   38 00000060 00000000        DCD              0
   39 00000064 00000000        DCD              0
   40 00000068 00000000        DCD              0
   41 0000006C 00000000        DCD              0
   42 00000070 00000000        DCD              0
   43 00000074 00000000        DCD              0
   44 00000078 00000000        DCD              0
   45 0000007C 00000000        DCD              0
   46 00000080         
   47 00000080                 AREA             |.text|, CODE, READONLY
   48 00000000         ;Reset Handler
   49 00000000         Reset_Handler
                               PROC
   50 00000000                 GLOBAL           Reset_Handler
   51 00000000                 ENTRY
   52 00000000         
   53 00000000         
   54 00000000         



ARM Macro Assembler    Page 2 


   55 00000000         ;将字符串“谢思聪”通过UART发送到PC/笔记
                       本的串口调试界面中
   56 00000000         
   57 00000000 490A            LDR              R1, = 0x53000000
   58 00000002 2078            MOVS             R0, # 'x'
   59 00000004 6008            STR              R0, [R1]
   60 00000006         
   61 00000006 4909            LDR              R1, = 0x53000000
   62 00000008 2069            MOVS             R0, # 'i'
   63 0000000A 6008            STR              R0, [R1]
   64 0000000C         
   65 0000000C 4907            LDR              R1, = 0x53000000
   66 0000000E 2065            MOVS             R0, # 'e'
   67 00000010 6008            STR              R0, [R1]
   68 00000012         
   69 00000012 4906            LDR              R1, = 0x53000000
   70 00000014 2073            MOVS             R0, # 's'
   71 00000016 6008            STR              R0, [R1]
   72 00000018         
   73 00000018         
   74 00000018         ;等待，直到缓冲区非空
   75 00000018         
   76 00000018 4905    WAIT    LDR              R1, = 0x53000004
   77 0000001A 6808            LDR              R0, [R1]
   78 0000001C 2101            MOVS             R1, # 01
   79 0000001E 4008            ANDS             R0, R0, R1
   80 00000020 2800            CMP              R0, # 0x00
   81 00000022 D1F9            BNE              WAIT
   82 00000024         
   83 00000024         ;将接收到的字符重新通过UART发送到PC/笔记
                       本的串口调试界面中
   84 00000024         
   85 00000024 4901            LDR              R1, =0x53000000
   86 00000026 6808            LDR              R0, [R1]
   87 00000028 6008            STR              R0, [R1]
   88 0000002A E7F5            B                WAIT
   89 0000002C         
   90 0000002C                 ENDP
   91 0000002C         
   92 0000002C                 ALIGN            4           ; Align to a word b
                                                            oundary
   93 0000002C         
   94 0000002C                 END
              53000000 
              53000004 
Command Line: --debug --xref --diag_suppress=9931 --cpu=Cortex-M0 --apcs=interw
ork --depend=.\objects\main_1.d -o.\objects\main_1.o -I.\RTE\_Target_1 -IC:\Kei
l_v5\ARM\PACK\ARM\CMSIS\5.4.0\Device\ARM\ARMCM0\Include -IC:\Keil_v5\ARM\CMSIS\
Include -IC:\Keil_v5\ARM\PACK\ARM\CMSIS\5.4.0 --predefine="__MICROLIB SETA 1" -
-predefine="__UVISION_VERSION SETA 527" --predefine="ARMCM0 SETA 1" --list=.\li
stings\main.lst main.s



ARM Macro Assembler    Page 1 Alphabetic symbol ordering
Relocatable symbols

RESET 00000000

Symbol: RESET
   Definitions
      At line 8 in file main.s
   Uses
      None
Comment: RESET unused
__Vectors 00000000

Symbol: __Vectors
   Definitions
      At line 11 in file main.s
   Uses
      At line 9 in file main.s
Comment: __Vectors used once
2 symbols



ARM Macro Assembler    Page 1 Alphabetic symbol ordering
Relocatable symbols

.text 00000000

Symbol: .text
   Definitions
      At line 47 in file main.s
   Uses
      None
Comment: .text unused
Reset_Handler 00000000

Symbol: Reset_Handler
   Definitions
      At line 49 in file main.s
   Uses
      At line 12 in file main.s
      At line 50 in file main.s

WAIT 00000018

Symbol: WAIT
   Definitions
      At line 76 in file main.s
   Uses
      At line 81 in file main.s
      At line 88 in file main.s

3 symbols
340 symbols in table
