


ARM Macro Assembler    Page 1 


    1 00000000         
    2 00000000         
    3 00000000         ; Vector Table Mapped to Address 0 at Reset
    4 00000000         
    5 00000000                 PRESERVE8
    6 00000000                 THUMB
    7 00000000         
    8 00000000                 AREA             RESET, DATA, READONLY ; First 3
                                                            2 WORDS is VECTOR T
                                                            ABLE
    9 00000000                 EXPORT           __Vectors
   10 00000000         
   11 00000000 0000FFFC 
                       __Vectors
                               DCD              0x0000FFFC
   12 00000004 00000000        DCD              Reset_Handler
   13 00000008 00000000        DCD              0
   14 0000000C 00000000        DCD              0
   15 00000010 00000000        DCD              0
   16 00000014 00000000        DCD              0
   17 00000018 00000000        DCD              0
   18 0000001C 00000000        DCD              0
   19 00000020 00000000        DCD              0
   20 00000024 00000000        DCD              0
   21 00000028 00000000        DCD              0
   22 0000002C 00000000        DCD              0
   23 00000030 00000000        DCD              0
   24 00000034 00000000        DCD              0
   25 00000038 00000000        DCD              0
   26 0000003C 00000000        DCD              0
   27 00000040         
   28 00000040         ; External Interrupts
   29 00000040         
   30 00000040 00000000        DCD              0
   31 00000044 00000000        DCD              0
   32 00000048 00000000        DCD              0
   33 0000004C 00000000        DCD              0
   34 00000050 00000000        DCD              0
   35 00000054 00000000        DCD              0
   36 00000058 00000000        DCD              0
   37 0000005C 00000000        DCD              0
   38 00000060 00000000        DCD              0
   39 00000064 00000000        DCD              0
   40 00000068 00000000        DCD              0
   41 0000006C 00000000        DCD              0
   42 00000070 00000000        DCD              0
   43 00000074 00000000        DCD              0
   44 00000078 00000000        DCD              0
   45 0000007C 00000000        DCD              0
   46 00000080         
   47 00000080                 AREA             |.text|, CODE, READONLY
   48 00000000         ;Reset Handler
   49 00000000         Reset_Handler
                               PROC
   50 00000000                 GLOBAL           Reset_Handler
   51 00000000                 ENTRY
   52 00000000         
   53 00000000         ;Write "Cortex-M0 SoC" to the text console
   54 00000000         



ARM Macro Assembler    Page 2 


   55 00000000 4919            LDR              R1, =0x54000000
   56 00000002 2043            MOVS             R0, #'C'
   57 00000004 6008            STR              R0, [R1]
   58 00000006         
   59 00000006 4918            LDR              R1, =0x54000000
   60 00000008 206F            MOVS             R0, #'o'
   61 0000000A 6008            STR              R0, [R1]
   62 0000000C         
   63 0000000C 4916            LDR              R1, =0x54000000
   64 0000000E 2072            MOVS             R0, #'r'
   65 00000010 6008            STR              R0, [R1]
   66 00000012         
   67 00000012 4915            LDR              R1, =0x54000000
   68 00000014 2074            MOVS             R0, #'t'
   69 00000016 6008            STR              R0, [R1]
   70 00000018         
   71 00000018 4913            LDR              R1, =0x54000000
   72 0000001A 2065            MOVS             R0, #'e'
   73 0000001C 6008            STR              R0, [R1]
   74 0000001E         
   75 0000001E 4912            LDR              R1, =0x54000000
   76 00000020 2078            MOVS             R0, #'x'
   77 00000022 6008            STR              R0, [R1]
   78 00000024         
   79 00000024 4910            LDR              R1, =0x54000000
   80 00000026 202D            MOVS             R0, #'-'
   81 00000028 6008            STR              R0, [R1]
   82 0000002A         
   83 0000002A 490F            LDR              R1, =0x54000000
   84 0000002C 204D            MOVS             R0, #'M'
   85 0000002E 6008            STR              R0, [R1]
   86 00000030         
   87 00000030 490D            LDR              R1, =0x54000000
   88 00000032 2030            MOVS             R0, #'0'
   89 00000034 6008            STR              R0, [R1]
   90 00000036         
   91 00000036 490C            LDR              R1, =0x54000000
   92 00000038 200A            MOVS             R0, #'\n'
   93 0000003A 6008            STR              R0, [R1]
   94 0000003C         
   95 0000003C 490A            LDR              R1, =0x54000000
   96 0000003E 2053            MOVS             R0, #'S'
   97 00000040 6008            STR              R0, [R1]
   98 00000042         
   99 00000042 4909            LDR              R1, =0x54000000
  100 00000044 206F            MOVS             R0, #'o'
  101 00000046 6008            STR              R0, [R1]
  102 00000048         
  103 00000048 4907            LDR              R1, =0x54000000
  104 0000004A 2043            MOVS             R0, #'C'
  105 0000004C 6008            STR              R0, [R1]
  106 0000004E         
  107 0000004E         
  108 0000004E         ;Write four RED dots to four corners of the frame buffer
                       
  109 0000004E         
  110 0000004E 4907            LDR              R1, =0x54000204
  111 00000050 4807            LDR              R0, =0xF00
  112 00000052 6008            STR              R0, [R1]



ARM Macro Assembler    Page 3 


  113 00000054         
  114 00000054 4907            LDR              R1, =0x54000390
  115 00000056 4806            LDR              R0, =0xF00
  116 00000058 6008            STR              R0, [R1]
  117 0000005A         
  118 0000005A 4907            LDR              R1, =0x5400EE04
  119 0000005C 4804            LDR              R0, =0xF00
  120 0000005E 6008            STR              R0, [R1]
  121 00000060         
  122 00000060 4906            LDR              R1, =0x5400EF90
  123 00000062 4803            LDR              R0, =0xF00
  124 00000064 6008            STR              R0, [R1]
  125 00000066         
  126 00000066                 ENDP
  127 00000066         
  128 00000066 00 00           ALIGN            4           ; Align to a word b
                                                            oundary
  129 00000068         
  130 00000068                 END
              54000000 
              54000204 
              00000F00 
              54000390 
              5400EE04 
              5400EF90 
Command Line: --debug --xref --diag_suppress=9931 --cpu=Cortex-M0 --apcs=interw
ork --depend=.\objects\main.d -o.\objects\main.o -IE:\cortex-m0_example\cortex_
m0_c_prog\software\RTE -IC:\Keil_v5\ARM\PACK\ARM\CMSIS\4.2.0\Device\ARM\ARMCM0\
Include -IC:\Keil_v5\ARM\CMSIS\Include -IC:\Keil_v5\ARM\PACK\ARM\CMSIS\4.2.0 --
predefine="__UVISION_VERSION SETA 514" --predefine="ARMCM0 SETA 1" --list=.\lis
tings\main.lst main.s



ARM Macro Assembler    Page 1 Alphabetic symbol ordering
Relocatable symbols

RESET 00000000

Symbol: RESET
   Definitions
      At line 8 in file main.s
   Uses
      None
Comment: RESET unused
__Vectors 00000000

Symbol: __Vectors
   Definitions
      At line 11 in file main.s
   Uses
      At line 9 in file main.s
Comment: __Vectors used once
2 symbols



ARM Macro Assembler    Page 1 Alphabetic symbol ordering
Relocatable symbols

.text 00000000

Symbol: .text
   Definitions
      At line 47 in file main.s
   Uses
      None
Comment: .text unused
Reset_Handler 00000000

Symbol: Reset_Handler
   Definitions
      At line 49 in file main.s
   Uses
      At line 12 in file main.s
      At line 50 in file main.s

2 symbols
338 symbols in table
