#-----------------------------------------------------------
# Vivado v2020.1 (64-bit)
# SW Build 2902540 on Wed May 27 19:54:49 MDT 2020
# IP Build 2902112 on Wed May 27 22:43:36 MDT 2020
# Start of session at: Wed Feb 24 18:27:15 2021
# Process ID: 10932
# Current directory: D:/jiedan/cortex_m0_c_prog
# Command line: vivado.exe -gui_launcher_event rodinguilauncherevent13888 D:\jiedan\cortex_m0_c_prog\cortex_m0.xpr
# Log file: D:/jiedan/cortex_m0_c_prog/vivado.log
# Journal file: D:/jiedan/cortex_m0_c_prog\vivado.jou
#-----------------------------------------------------------
start_gui
open_project D:/jiedan/cortex_m0_c_prog/cortex_m0.xpr
Scanning sources...
Finished scanning sources
INFO: [IP_Flow 19-234] Refreshing IP repositories
INFO: [IP_Flow 19-1704] No user IP repositories specified
INFO: [IP_Flow 19-2313] Loaded Vivado IP repository 'D:/vivado2020/az/Vivado/2020.1/data/ip'.
open_project: Time (s): cpu = 00:00:13 ; elapsed = 00:00:06 . Memory (MB): peak = 1077.203 ; gain = 0.000
update_compile_order -fileset sources_1
exit
INFO: [Common 17-206] Exiting Vivado at Wed Feb 24 18:27:51 2021...
